This is pdfTeX, Version 3.14159265-2.6-1.40.20 (TeX Live 2019/Debian) (preloaded format=pdflatex 2020.5.11)  11 MAY 2020 21:49
entering extended mode
 restricted \write18 enabled.
 %&-line parsing enabled.
**manual.tex
(./manual.tex
LaTeX2e <2020-02-02> patch level 2
L3 programming layer <2020-02-14>
(/usr/share/texlive/texmf-dist/tex/latex/base/book.cls
Document Class: book 2019/12/20 v1.4l Standard LaTeX document class
(/usr/share/texlive/texmf-dist/tex/latex/base/bk12.clo
File: bk12.clo 2019/12/20 v1.4l Standard LaTeX file (size option)
)
\c@part=\count167
\c@chapter=\count168
\c@section=\count169
\c@subsection=\count170
\c@subsubsection=\count171
\c@paragraph=\count172
\c@subparagraph=\count173
\c@figure=\count174
\c@table=\count175
\abovecaptionskip=\skip47
\belowcaptionskip=\skip48
\bibindent=\dimen134
)
(/usr/share/texlive/texmf-dist/tex/latex/base/fontenc.sty
Package: fontenc 2020/02/11 v2.0o Standard LaTeX package
)
(/usr/share/texlive/texmf-dist/tex/latex/base/inputenc.sty
Package: inputenc 2018/08/11 v1.3c Input encoding file
\inpenc@prehook=\toks14
\inpenc@posthook=\toks15

(/usr/share/texlive/texmf-dist/tex/latex/base/latin9.def
File: latin9.def 2018/08/11 v1.3c Input encoding file
))
(/usr/share/texlive/texmf-dist/tex/latex/graphics/graphicx.sty
Package: graphicx 2019/11/30 v1.2a Enhanced LaTeX Graphics (DPC,SPQR)

(/usr/share/texlive/texmf-dist/tex/latex/graphics/keyval.sty
Package: keyval 2014/10/28 v1.15 key=value parser (DPC)
\KV@toks@=\toks16
)
(/usr/share/texlive/texmf-dist/tex/latex/graphics/graphics.sty
Package: graphics 2019/11/30 v1.4a Standard LaTeX Graphics (DPC,SPQR)

(/usr/share/texlive/texmf-dist/tex/latex/graphics/trig.sty
Package: trig 2016/01/03 v1.10 sin cos tan (DPC)
)
(/usr/share/texlive/texmf-dist/tex/latex/graphics-cfg/graphics.cfg
File: graphics.cfg 2016/06/04 v1.11 sample graphics configuration
)
Package graphics Info: Driver file: pdftex.def on input line 105.

(/usr/share/texlive/texmf-dist/tex/latex/graphics-def/pdftex.def
File: pdftex.def 2018/01/08 v1.0l Graphics/color driver for pdftex
))
\Gin@req@height=\dimen135
\Gin@req@width=\dimen136
)
(/usr/share/texlive/texmf-dist/tex/latex/amsfonts/amsfonts.sty
Package: amsfonts 2013/01/14 v3.01 Basic AMSFonts support
\@emptytoks=\toks17
\symAMSa=\mathgroup4
\symAMSb=\mathgroup5
LaTeX Font Info:    Redeclaring math symbol \hbar on input line 98.
LaTeX Font Info:    Overwriting math alphabet `\mathfrak' in version `bold'
(Font)                  U/euf/m/n --> U/euf/b/n on input line 106.
)
(/usr/share/texlive/texmf-dist/tex/latex/base/textcomp.sty
Package: textcomp 2020/02/02 v2.0n Standard LaTeX package
)
(/usr/share/texlive/texmf-dist/tex/latex/graphics/color.sty
Package: color 2019/11/23 v1.2a Standard LaTeX Color (DPC)

(/usr/share/texlive/texmf-dist/tex/latex/graphics-cfg/color.cfg
File: color.cfg 2016/01/02 v1.6 sample color configuration
)
Package color Info: Driver file: pdftex.def on input line 147.
)
(/usr/share/texlive/texmf-dist/tex/latex/tools/calc.sty
Package: calc 2017/05/25 v4.3 Infix arithmetic (KKT,FJ)
\calc@Acount=\count176
\calc@Bcount=\count177
\calc@Adimen=\dimen137
\calc@Bdimen=\dimen138
\calc@Askip=\skip49
\calc@Bskip=\skip50
LaTeX Info: Redefining \setlength on input line 80.
LaTeX Info: Redefining \addtolength on input line 81.
\calc@Ccount=\count178
\calc@Cskip=\skip51
)
(/usr/share/texlive/texmf-dist/tex/latex/tools/longtable.sty
Package: longtable 2020/01/07 v4.13 Multi-page Table package (DPC)
\LTleft=\skip52
\LTright=\skip53
\LTpre=\skip54
\LTpost=\skip55
\LTchunksize=\count179
\LTcapwidth=\dimen139
\LT@head=\box45
\LT@firsthead=\box46
\LT@foot=\box47
\LT@lastfoot=\box48
\LT@cols=\count180
\LT@rows=\count181
\c@LT@tables=\count182
\c@LT@chunks=\count183
\LT@p@ftn=\toks18
)
(/usr/share/texlive/texmf-dist/tex/latex/hyperref/hyperref.sty
Package: hyperref 2020/01/14 v7.00d Hypertext links for LaTeX

(/usr/share/texlive/texmf-dist/tex/generic/ltxcmds/ltxcmds.sty
Package: ltxcmds 2019/12/15 v1.24 LaTeX kernel commands for general use (HO)
)
(/usr/share/texlive/texmf-dist/tex/generic/iftex/iftex.sty
Package: iftex 2019/11/07 v1.0c TeX engine tests
)
(/usr/share/texlive/texmf-dist/tex/latex/pdftexcmds/pdftexcmds.sty
Package: pdftexcmds 2019/11/24 v0.31 Utility functions of pdfTeX for LuaTeX (HO
)

(/usr/share/texlive/texmf-dist/tex/generic/infwarerr/infwarerr.sty
Package: infwarerr 2019/12/03 v1.5 Providing info/warning/error messages (HO)
)
Package pdftexcmds Info: \pdf@primitive is available.
Package pdftexcmds Info: \pdf@ifprimitive is available.
Package pdftexcmds Info: \pdfdraftmode found.
)
(/usr/share/texlive/texmf-dist/tex/generic/kvsetkeys/kvsetkeys.sty
Package: kvsetkeys 2019/12/15 v1.18 Key value parser (HO)
)
(/usr/share/texlive/texmf-dist/tex/generic/kvdefinekeys/kvdefinekeys.sty
Package: kvdefinekeys 2019-12-19 v1.6 Define keys (HO)
)
(/usr/share/texlive/texmf-dist/tex/generic/pdfescape/pdfescape.sty
Package: pdfescape 2019/12/09 v1.15 Implements pdfTeX's escape features (HO)
)
(/usr/share/texlive/texmf-dist/tex/latex/hycolor/hycolor.sty
Package: hycolor 2020-01-27 v1.10 Color options for hyperref/bookmark (HO)
)
(/usr/share/texlive/texmf-dist/tex/latex/letltxmacro/letltxmacro.sty
Package: letltxmacro 2019/12/03 v1.6 Let assignment for LaTeX macros (HO)
)
(/usr/share/texlive/texmf-dist/tex/latex/auxhook/auxhook.sty
Package: auxhook 2019-12-17 v1.6 Hooks for auxiliary files (HO)
)
(/usr/share/texlive/texmf-dist/tex/latex/kvoptions/kvoptions.sty
Package: kvoptions 2019/11/29 v3.13 Key value format for package options (HO)
)
\@linkdim=\dimen140
\Hy@linkcounter=\count184
\Hy@pagecounter=\count185

(/usr/share/texlive/texmf-dist/tex/latex/hyperref/pd1enc.def
File: pd1enc.def 2020/01/14 v7.00d Hyperref: PDFDocEncoding definition (HO)
Now handling font encoding PD1 ...
... no UTF-8 mapping file for font encoding PD1
)
(/usr/share/texlive/texmf-dist/tex/generic/intcalc/intcalc.sty
Package: intcalc 2019/12/15 v1.3 Expandable calculations with integers (HO)
)
(/usr/share/texlive/texmf-dist/tex/generic/etexcmds/etexcmds.sty
Package: etexcmds 2019/12/15 v1.7 Avoid name clashes with e-TeX commands (HO)
)
\Hy@SavedSpaceFactor=\count186
\pdfmajorversion=\count187
Package hyperref Info: Hyper figures OFF on input line 4547.
Package hyperref Info: Link nesting OFF on input line 4552.
Package hyperref Info: Hyper index ON on input line 4555.
Package hyperref Info: Plain pages OFF on input line 4562.
Package hyperref Info: Backreferencing OFF on input line 4567.
Package hyperref Info: Implicit mode ON; LaTeX internals redefined.
Package hyperref Info: Bookmarks ON on input line 4800.
\c@Hy@tempcnt=\count188

(/usr/share/texlive/texmf-dist/tex/latex/url/url.sty
\Urlmuskip=\muskip16
Package: url 2013/09/16  ver 3.4  Verb mode for urls, etc.
)
LaTeX Info: Redefining \url on input line 5159.
\XeTeXLinkMargin=\dimen141

(/usr/share/texlive/texmf-dist/tex/generic/bitset/bitset.sty
Package: bitset 2019/12/09 v1.3 Handle bit-vector datatype (HO)

(/usr/share/texlive/texmf-dist/tex/generic/bigintcalc/bigintcalc.sty
Package: bigintcalc 2019/12/15 v1.5 Expandable calculations on big integers (HO
)
))
\Fld@menulength=\count189
\Field@Width=\dimen142
\Fld@charsize=\dimen143
Package hyperref Info: Hyper figures OFF on input line 6430.
Package hyperref Info: Link nesting OFF on input line 6435.
Package hyperref Info: Hyper index ON on input line 6438.
Package hyperref Info: backreferencing OFF on input line 6445.
Package hyperref Info: Link coloring OFF on input line 6450.
Package hyperref Info: Link coloring with OCG OFF on input line 6455.
Package hyperref Info: PDF/A mode OFF on input line 6460.
LaTeX Info: Redefining \ref on input line 6500.
LaTeX Info: Redefining \pageref on input line 6504.

(/usr/share/texlive/texmf-dist/tex/generic/atbegshi/atbegshi.sty
Package: atbegshi 2019/12/05 v1.19 At begin shipout hook (HO)
)
\Hy@abspage=\count190
\c@Item=\count191
\c@Hfootnote=\count192
)
Package hyperref Info: Driver (autodetected): hpdftex.

(/usr/share/texlive/texmf-dist/tex/latex/hyperref/hpdftex.def
File: hpdftex.def 2020/01/14 v7.00d Hyperref driver for pdfTeX

(/usr/share/texlive/texmf-dist/tex/latex/atveryend/atveryend.sty
Package: atveryend 2019-12-11 v1.11 Hooks at the very end of document (HO)
Package atveryend Info: \enddocument detected (standard20110627).
)
\Fld@listcount=\count193
\c@bookmark@seq@number=\count194

(/usr/share/texlive/texmf-dist/tex/latex/rerunfilecheck/rerunfilecheck.sty
Package: rerunfilecheck 2019/12/05 v1.9 Rerun checks for auxiliary files (HO)

(/usr/share/texlive/texmf-dist/tex/generic/uniquecounter/uniquecounter.sty
Package: uniquecounter 2019/12/15 v1.4 Provide unlimited unique counter (HO)
)
Package uniquecounter Info: New unique counter `rerunfilecheck' on input line 2
86.
)
\Hy@SectionHShift=\skip56
)
Package hyperref Info: Option `colorlinks' set `true' on input line 14.


Package hyperref Warning: Option `pagecolor' is not available anymore.

(/usr/share/texlive/texmf-dist/tex/latex/l3backend/l3backend-pdfmode.def
File: l3backend-pdfmode.def 2020-02-03 L3 backend support: PDF mode
\l__kernel_color_stack_int=\count195
\l__pdf_internal_box=\box49
)
No file manual.aux.
\openout1 = `manual.aux'.

LaTeX Font Info:    Checking defaults for OML/cmm/m/it on input line 30.
LaTeX Font Info:    ... okay on input line 30.
LaTeX Font Info:    Checking defaults for OMS/cmsy/m/n on input line 30.
LaTeX Font Info:    ... okay on input line 30.
LaTeX Font Info:    Checking defaults for OT1/cmr/m/n on input line 30.
LaTeX Font Info:    ... okay on input line 30.
LaTeX Font Info:    Checking defaults for T1/cmr/m/n on input line 30.
LaTeX Font Info:    ... okay on input line 30.
LaTeX Font Info:    Checking defaults for TS1/cmr/m/n on input line 30.
LaTeX Font Info:    ... okay on input line 30.
LaTeX Font Info:    Checking defaults for OMX/cmex/m/n on input line 30.
LaTeX Font Info:    ... okay on input line 30.
LaTeX Font Info:    Checking defaults for U/cmr/m/n on input line 30.
LaTeX Font Info:    ... okay on input line 30.
LaTeX Font Info:    Checking defaults for PD1/pdf/m/n on input line 30.
LaTeX Font Info:    ... okay on input line 30.
(/usr/share/texlive/texmf-dist/tex/context/base/mkii/supp-pdf.mkii
[Loading MPS to PDF converter (version 2006.09.02).]
\scratchcounter=\count196
\scratchdimen=\dimen144
\scratchbox=\box50
\nofMPsegments=\count197
\nofMParguments=\count198
\everyMPshowfont=\toks19
\MPscratchCnt=\count199
\MPscratchDim=\dimen145
\MPnumerator=\count266
\makeMPintoPDFobject=\count267
\everyMPtoPDFconversion=\toks20
) (/usr/share/texlive/texmf-dist/tex/latex/epstopdf-pkg/epstopdf-base.sty
Package: epstopdf-base 2020-01-24 v2.11 Base part for package epstopdf
Package epstopdf-base Info: Redefining graphics rule for `.eps' on input line 4
85.

(/usr/share/texlive/texmf-dist/tex/latex/latexconfig/epstopdf-sys.cfg
File: epstopdf-sys.cfg 2010/07/13 v1.3 Configuration of (r)epstopdf for TeX Liv
e
))
\AtBeginShipoutBox=\box51
Package hyperref Info: Link coloring ON on input line 30.

(/usr/share/texlive/texmf-dist/tex/latex/hyperref/nameref.sty
Package: nameref 2019/09/16 v2.46 Cross-referencing by name of section

(/usr/share/texlive/texmf-dist/tex/latex/refcount/refcount.sty
Package: refcount 2019/12/15 v3.6 Data extraction from label references (HO)
)
(/usr/share/texlive/texmf-dist/tex/generic/gettitlestring/gettitlestring.sty
Package: gettitlestring 2019/12/15 v1.6 Cleanup title references (HO)
)
\c@section@level=\count268
)
LaTeX Info: Redefining \ref on input line 30.
LaTeX Info: Redefining \pageref on input line 30.
LaTeX Info: Redefining \nameref on input line 30.
\@outlinefile=\write3
\openout3 = `manual.out'.

LaTeX Font Info:    Trying to load font information for T1+cmss on input line 3
1.

(/usr/share/texlive/texmf-dist/tex/latex/base/t1cmss.fd
File: t1cmss.fd 2019/12/16 v2.5j Standard LaTeX font definitions
) [1{/var/lib/texmf/fonts/map/pdftex/updmap/pdftex.map}

] [2

]
\tf@toc=\write4
\openout4 = `manual.toc'.

 [3] [4

] [5]
Overfull \hbox (0.59206pt too wide) in paragraph at lines 146--147
[]\T1/cmr/m/n/12 Linux, FreeBSD, Cyg-win or any Unix en-vi-ron-ment with GNU to
olchain. 
 []

[6]
LaTeX Font Info:    Trying to load font information for T1+cmtt on input line 1
68.
 (/usr/share/texlive/texmf-dist/tex/latex/base/t1cmtt.fd
File: t1cmtt.fd 2019/12/16 v2.5j Standard LaTeX font definitions
)
Overfull \hbox (17.4505pt too wide) in paragraph at lines 196--196
[]\T1/cmtt/m/n/12 ./drivers/can_serial Serial point to point and PTY hub (*nix 
only)[] 
 []


Overfull \hbox (5.10352pt too wide) in paragraph at lines 196--196
[]\T1/cmtt/m/n/12 ./examples/TestMasterSlave 2 nodes, NMT SYNC SDO PDO, win32+u
nix[] 
 []


Overfull \hbox (48.31796pt too wide) in paragraph at lines 196--196
[]\T1/cmtt/m/n/12 ./examples/TestMasterSlaveLSS 3 nodes, NMT SYNC SDO PDO LSS, 
win32+unix[] 
 []


Overfull \hbox (23.624pt too wide) in paragraph at lines 196--196
[]\T1/cmtt/m/n/12 ./examples/TestMasterMicroMod 1 node, control Peak I/O Module
, unix[] 
 []

<Pictures/10000201000003F9000002CF880931E7.png, id=82, 844.81139pt x 597.26587p
t>
File: Pictures/10000201000003F9000002CF880931E7.png Graphic file (type png)
<use Pictures/10000201000003F9000002CF880931E7.png>
Package pdftex.def Info: Pictures/10000201000003F9000002CF880931E7.png  used on
 input line 203.
(pdftex.def)             Requested size: 341.43306pt x 241.3901pt.

Underfull \vbox (badness 10000) has occurred while \output is active []

 [7]
Underfull \hbox (badness 10000) in paragraph at lines 219--220

 []

<Pictures/10000201000003CA0000016604E6A5EF.png, id=92, 805.76897pt x 297.3869pt
>
File: Pictures/10000201000003CA0000016604E6A5EF.png Graphic file (type png)
<use Pictures/10000201000003CA0000016604E6A5EF.png>
Package pdftex.def Info: Pictures/10000201000003CA0000016604E6A5EF.png  used on
 input line 224.
(pdftex.def)             Requested size: 341.43306pt x 126.01338pt.

Underfull \hbox (badness 10000) in paragraph at lines 227--229

 []

[8 <./Pictures/10000201000003F9000002CF880931E7.png> <./Pictures/10000201000003
CA0000016604E6A5EF.png>]
<Pictures/10000201000003F9000002CF8B0CDAEA.png, id=103, 844.81139pt x 597.26587
pt>
File: Pictures/10000201000003F9000002CF8B0CDAEA.png Graphic file (type png)
<use Pictures/10000201000003F9000002CF8B0CDAEA.png>
Package pdftex.def Info: Pictures/10000201000003F9000002CF8B0CDAEA.png  used on
 input line 233.
(pdftex.def)             Requested size: 341.43306pt x 241.3901pt.
<Pictures/100000000000022C000000DEDAD2140C.png, id=104, 558.085pt x 222.8325pt>

File: Pictures/100000000000022C000000DEDAD2140C.png Graphic file (type png)
<use Pictures/100000000000022C000000DEDAD2140C.png>
Package pdftex.def Info: Pictures/100000000000022C000000DEDAD2140C.png  used on
 input line 254.
(pdftex.def)             Requested size: 341.43306pt x 136.33224pt.

Underfull \vbox (badness 10000) has occurred while \output is active []

 [9 <./Pictures/10000201000003F9000002CF8B0CDAEA.png>]
<Pictures/1000000000000396000000FFC42573DA.png, id=112, 921.4425pt x 255.95625p
t>
File: Pictures/1000000000000396000000FFC42573DA.png Graphic file (type png)
<use Pictures/1000000000000396000000FFC42573DA.png>
Package pdftex.def Info: Pictures/1000000000000396000000FFC42573DA.png  used on
 input line 270.
(pdftex.def)             Requested size: 341.43306pt x 94.83902pt.
 [10 <./Pictures/100000000000022C000000DEDAD2140C.png (PNG copy)> <./Pictures/1
000000000000396000000FFC42573DA.png (PNG copy)>] [11] [12]
Overfull \hbox (56.0551pt too wide) in paragraph at lines 433--434
[]\T1/cmr/m/n/12 If the LSS ser-vices are en-abled the sam-ple pro-vided in /ex
-am-ple/TestMasterSlaveLSS
 []

[13]
Overfull \hbox (61.64651pt too wide) in paragraph at lines 475--478
[]\T1/cmr/m/n/12 Please down-load driver at [][]http://www.peak -system.com/the
men/download_gb.html[][]
 []

[14]
Overfull \hbox (5.10352pt too wide) in paragraph at lines 572--572
[]\T1/cmtt/m/n/12 export PCAN2_LIB=~/Disk/PCAN-Light/Lib/Visual\ C++/Pcan_2pcc.
lib[] 
 []

[15]
Overfull \hbox (18.35565pt too wide) in paragraph at lines 622--624
 \T1/cmr/bx/n/12 a) Pcan-Light and the can_peak_win32 project.[] \T1/cmr/m/n/12
 Cho-sen Pcan_xxx.lib
 []


Overfull \hbox (9.69398pt too wide) in paragraph at lines 622--624
\T1/cmr/m/n/12 and even-tu-ally Pcan_2xxx.lib files must be added to can_peak_w
in32   project
 []


Overfull \hbox (13.67493pt too wide) in paragraph at lines 642--643
\T1/cmr/m/n/12 Download from : http://sourceforge.net/project/showfiles.php?gro
up_id=2435 
 []

[16]
Overfull \hbox (41.41121pt too wide) in paragraph at lines 649--653
\T1/cmr/m/n/12 Please down-load driver at http://www.peak-system.com/themen/dow
nload_gb.html
 []


Underfull \hbox (badness 10000) in paragraph at lines 649--653

 []

[17]
Overfull \hbox (17.03645pt too wide) in paragraph at lines 718--720
 \T1/cmr/bx/n/12 b) Two nodes with Pcan-Light and Peak dual PCMCIA-CAN adapter[
]
 []


Overfull \hbox (5.10352pt too wide) in paragraph at lines 739--739
[]\T1/cmtt/m/n/12 export PCAN2_LIB=~/Disk/PCAN-Light/Lib/Visual\ C++/Pcan_2pcc.
lib[] 
 []

[18]
Overfull \hbox (30.26959pt too wide) in paragraph at lines 771--773
[]\T1/cmr/m/n/12 To do a CANopen node run-ning on a mi-cron-con-troller Mo-toro
la MC9S12DP256,
 []


Overfull \hbox (71.78561pt too wide) in paragraph at lines 775--777
\T1/cmr/m/n/12 Download the \T1/cmr/bx/n/12 re-lease 3.1 \T1/cmr/m/n/12 at : []
[]http://m68hc11.serveftp.org/m68hc11_pkg_rpm.php[][] 
 []

[19]
Overfull \hbox (79.18542pt too wide) in paragraph at lines 876--876
[]\T1/cmtt/m/n/12 *************************************************************
***************[] 
 []


Overfull \hbox (79.18542pt too wide) in paragraph at lines 876--876
[]\T1/cmtt/m/n/12 *  CANOpenShell                                              
              *[] 
 []


Overfull \hbox (79.18542pt too wide) in paragraph at lines 876--876
[]\T1/cmtt/m/n/12 *                                                            
              *[] 
 []


Overfull \hbox (97.7059pt too wide) in paragraph at lines 876--876
[]   \T1/cmtt/m/n/12 *   MANDATORY COMMAND (must be the first command)         
                 *[] 
 []


Overfull \hbox (79.18542pt too wide) in paragraph at lines 876--876
[]\T1/cmtt/m/n/12 *     load#CanLibraryPath,channel,baudrate,nodeid,type (0:sla
ve, 1:master) *[] 
 []


Overfull \hbox (79.18542pt too wide) in paragraph at lines 876--876
[]\T1/cmtt/m/n/12 *                                                            
              *[] 
 []

[20]
Overfull \hbox (79.18542pt too wide) in paragraph at lines 876--876
[]\T1/cmtt/m/n/12 *   NETWORK: (if nodeid=0x00 : broadcast)                    
              *[] 
 []


Overfull \hbox (79.18542pt too wide) in paragraph at lines 876--876
[]\T1/cmtt/m/n/12 *     ssta#nodeid : Start a node                             
              *[] 
 []


Overfull \hbox (79.18542pt too wide) in paragraph at lines 876--876
[]\T1/cmtt/m/n/12 *     ssto#nodeid : Stop a node                              
              *[] 
 []


Overfull \hbox (79.18542pt too wide) in paragraph at lines 876--876
[]\T1/cmtt/m/n/12 *     srst#nodeid : Reset a node                             
              *[] 
 []


Overfull \hbox (79.18542pt too wide) in paragraph at lines 876--876
[]\T1/cmtt/m/n/12 *     scan : Reset all nodes and print message when bootup   
              *[] 
 []


Overfull \hbox (79.18542pt too wide) in paragraph at lines 876--876
[]\T1/cmtt/m/n/12 *     wait#seconds : Sleep for n seconds                     
              *[] 
 []


Overfull \hbox (79.18542pt too wide) in paragraph at lines 876--876
[]\T1/cmtt/m/n/12 *                                                            
              *[] 
 []


Overfull \hbox (79.18542pt too wide) in paragraph at lines 876--876
[]\T1/cmtt/m/n/12 *   SDO: (size in bytes)                                     
              *[] 
 []


Overfull \hbox (79.18542pt too wide) in paragraph at lines 876--876
[]\T1/cmtt/m/n/12 *     info#nodeid                                            
              *[] 
 []


Overfull \hbox (79.18542pt too wide) in paragraph at lines 876--876
[]\T1/cmtt/m/n/12 *     rsdo#nodeid,index,subindex : read sdo                  
              *[] 
 []


Overfull \hbox (79.18542pt too wide) in paragraph at lines 876--876
[]\T1/cmtt/m/n/12 *        ex : rsdo#42,1018,01                                
              *[] 
 []


Overfull \hbox (79.18542pt too wide) in paragraph at lines 876--876
[]\T1/cmtt/m/n/12 *     wsdo#nodeid,index,subindex,size,data : write sdo       
              *[] 
 []


Overfull \hbox (79.18542pt too wide) in paragraph at lines 876--876
[]\T1/cmtt/m/n/12 *        ex : wsdo#42,6200,01,01,FF                          
              *[] 
 []


Overfull \hbox (79.18542pt too wide) in paragraph at lines 876--876
[]\T1/cmtt/m/n/12 *                                                            
              *[] 
 []


Overfull \hbox (79.18542pt too wide) in paragraph at lines 876--876
[]\T1/cmtt/m/n/12 *   Note: All numbers are hex                                
              *[] 
 []


Overfull \hbox (79.18542pt too wide) in paragraph at lines 876--876
[]\T1/cmtt/m/n/12 *                                                            
              *[] 
 []


Overfull \hbox (79.18542pt too wide) in paragraph at lines 876--876
[]\T1/cmtt/m/n/12 *     help : Display this menu                               
              *[] 
 []


Overfull \hbox (79.18542pt too wide) in paragraph at lines 876--876
[]\T1/cmtt/m/n/12 *     quit : Quit application                                
              *[] 
 []


Overfull \hbox (79.18542pt too wide) in paragraph at lines 876--876
[]\T1/cmtt/m/n/12 *************************************************************
***************[] 
 []


Overfull \hbox (5.10352pt too wide) in paragraph at lines 881--881
[]\T1/cmtt/m/n/12 ./CANOpenShell load#libcanfestival_can_peak_linux.so,32,125K,
8,0[] 
 []


Overfull \hbox (17.4505pt too wide) in paragraph at lines 890--890
[]\T1/cmtt/m/n/12 ./CANOpenShell load#libcanfestival_can_peak_linux.so,32,125K,
8,1 \[] 
 []


Overfull \hbox (5.10352pt too wide) in paragraph at lines 923--923
[]  \T1/cmtt/m/n/12 ***********************************************************
***[] 
 []


Overfull \hbox (5.10352pt too wide) in paragraph at lines 923--923
[]  \T1/cmtt/m/n/12 *  TestMasterSlave                                         
  *[] 
 []


Overfull \hbox (5.10352pt too wide) in paragraph at lines 923--923
[]  \T1/cmtt/m/n/12 *                                                          
  *[] 
 []

[21]
Overfull \hbox (5.10352pt too wide) in paragraph at lines 923--923
[]  \T1/cmtt/m/n/12 *  A simple example for PC. It does implement 2 CanOpen    
  *[] 
 []


Overfull \hbox (5.10352pt too wide) in paragraph at lines 923--923
[]  \T1/cmtt/m/n/12 *  nodes in the same process. A master and a slave. Both   
  *[] 
 []


Overfull \hbox (5.10352pt too wide) in paragraph at lines 923--923
[]  \T1/cmtt/m/n/12 *  communicate together, exchanging periodically NMT, SYNC,
  *[] 
 []


Overfull \hbox (5.10352pt too wide) in paragraph at lines 923--923
[]  \T1/cmtt/m/n/12 *  SDO and PDO. Master configure heartbeat producer time   
  *[] 
 []


Overfull \hbox (5.10352pt too wide) in paragraph at lines 923--923
[]  \T1/cmtt/m/n/12 *  at 1000 ms for slave node-id 0x02 by concise DCF.       
  *[] 
 []


Overfull \hbox (5.10352pt too wide) in paragraph at lines 923--923
[]  \T1/cmtt/m/n/12 *                                                          
  *[] 
 []


Overfull \hbox (5.10352pt too wide) in paragraph at lines 923--923
[]  \T1/cmtt/m/n/12 *   Usage:                                                 
  *[] 
 []


Overfull \hbox (5.10352pt too wide) in paragraph at lines 923--923
[]  \T1/cmtt/m/n/12 *   ./TestMasterSlave  [OPTIONS]                           
  *[] 
 []


Overfull \hbox (5.10352pt too wide) in paragraph at lines 923--923
[]  \T1/cmtt/m/n/12 *                                                          
  *[] 
 []


Overfull \hbox (5.10352pt too wide) in paragraph at lines 923--923
[]  \T1/cmtt/m/n/12 *   OPTIONS:                                               
  *[] 
 []


Overfull \hbox (5.10352pt too wide) in paragraph at lines 923--923
[]  \T1/cmtt/m/n/12 *     -l : Can library ["libcanfestival_can_virtual.so"]   
  *[] 
 []


Overfull \hbox (5.10352pt too wide) in paragraph at lines 923--923
[]  \T1/cmtt/m/n/12 *                                                          
  *[] 
 []


Overfull \hbox (5.10352pt too wide) in paragraph at lines 923--923
[]  \T1/cmtt/m/n/12 *    Slave:                                                
  *[] 
 []


Overfull \hbox (5.10352pt too wide) in paragraph at lines 923--923
[]  \T1/cmtt/m/n/12 *     -s : bus name ["0"]                                  
  *[] 
 []


Overfull \hbox (5.10352pt too wide) in paragraph at lines 923--923
[]  \T1/cmtt/m/n/12 *     -S : 1M,500K,250K,125K,100K,50K,20K,10K,none(disable)
  *[] 
 []


Overfull \hbox (5.10352pt too wide) in paragraph at lines 923--923
[]  \T1/cmtt/m/n/12 *                                                          
  *[] 
 []


Overfull \hbox (5.10352pt too wide) in paragraph at lines 923--923
[]  \T1/cmtt/m/n/12 *    Master:                                               
  *[] 
 []


Overfull \hbox (5.10352pt too wide) in paragraph at lines 923--923
[]  \T1/cmtt/m/n/12 *     -m : bus name ["1"]                                  
  *[] 
 []


Overfull \hbox (5.10352pt too wide) in paragraph at lines 923--923
[]  \T1/cmtt/m/n/12 *     -M : 1M,500K,250K,125K,100K,50K,20K,10K,none(disable)
  *[] 
 []


Overfull \hbox (5.10352pt too wide) in paragraph at lines 923--923
[]  \T1/cmtt/m/n/12 *                                                          
  *[] 
 []


Overfull \hbox (5.10352pt too wide) in paragraph at lines 923--923
[]  \T1/cmtt/m/n/12 ***********************************************************
***[] 
 []

[22]
Overfull \hbox (24.83487pt too wide) in paragraph at lines 971--973
[]\T1/cmr/m/n/12 The slave node is con-fig-ured just be-fore the Mas-ter en-ter
-ing in Pre_operational
 []


Overfull \hbox (5.10352pt too wide) in paragraph at lines 1043--1043
[]  \T1/cmtt/m/n/12 ***********************************************************
***[] 
 []

[23]
Overfull \hbox (5.10352pt too wide) in paragraph at lines 1043--1043
[]  \T1/cmtt/m/n/12 *  TestMasterMicroMod                                      
  *[] 
 []


Overfull \hbox (5.10352pt too wide) in paragraph at lines 1043--1043
[]  \T1/cmtt/m/n/12 *                                                          
  *[] 
 []


Overfull \hbox (5.10352pt too wide) in paragraph at lines 1043--1043
[]  \T1/cmtt/m/n/12 *  A simple example for PC.                                
  *[] 
 []


Overfull \hbox (5.10352pt too wide) in paragraph at lines 1043--1043
[]  \T1/cmtt/m/n/12 *  A CanOpen master that control a MicroMod module:        
  *[] 
 []


Overfull \hbox (5.10352pt too wide) in paragraph at lines 1043--1043
[]  \T1/cmtt/m/n/12 *  - setup module TPDO 1 transmit type                     
  *[] 
 []


Overfull \hbox (5.10352pt too wide) in paragraph at lines 1043--1043
[]  \T1/cmtt/m/n/12 *  - setup module RPDO 1 transmit type                     
  *[] 
 []


Overfull \hbox (5.10352pt too wide) in paragraph at lines 1043--1043
[]  \T1/cmtt/m/n/12 *  - setup module hearbeatbeat period                      
  *[] 
 []


Overfull \hbox (5.10352pt too wide) in paragraph at lines 1043--1043
[]  \T1/cmtt/m/n/12 *  - disable others TPDOs                                  
  *[] 
 []


Overfull \hbox (5.10352pt too wide) in paragraph at lines 1043--1043
[]  \T1/cmtt/m/n/12 *  - set state to operational                              
  *[] 
 []


Overfull \hbox (5.10352pt too wide) in paragraph at lines 1043--1043
[]  \T1/cmtt/m/n/12 *  - send periodic SYNC                                    
  *[] 
 []


Overfull \hbox (5.10352pt too wide) in paragraph at lines 1043--1043
[]  \T1/cmtt/m/n/12 *  - send periodic RPDO 1 to Micromod (digital output)     
  *[] 
 []


Overfull \hbox (5.10352pt too wide) in paragraph at lines 1043--1043
[]  \T1/cmtt/m/n/12 *  - listen Micromod's TPDO 1 (digital input)              
  *[] 
 []


Overfull \hbox (5.10352pt too wide) in paragraph at lines 1043--1043
[]  \T1/cmtt/m/n/12 *  - Mapping RPDO 1 bit per bit (digital input)            
  *[] 
 []


Overfull \hbox (5.10352pt too wide) in paragraph at lines 1043--1043
[]  \T1/cmtt/m/n/12 *                                                          
  *[] 
 []


Overfull \hbox (5.10352pt too wide) in paragraph at lines 1043--1043
[]  \T1/cmtt/m/n/12 *   Usage:                                                 
  *[] 
 []


Overfull \hbox (5.10352pt too wide) in paragraph at lines 1043--1043
[]  \T1/cmtt/m/n/12 *   ./TestMasterMicroMod  [OPTIONS]                        
  *[] 
 []


Overfull \hbox (5.10352pt too wide) in paragraph at lines 1043--1043
[]  \T1/cmtt/m/n/12 *                                                          
  *[] 
 []


Overfull \hbox (5.10352pt too wide) in paragraph at lines 1043--1043
[]  \T1/cmtt/m/n/12 *   OPTIONS:                                               
  *[] 
 []


Overfull \hbox (5.10352pt too wide) in paragraph at lines 1043--1043
[]  \T1/cmtt/m/n/12 *     -l : Can library ["libcanfestival_can_virtual.so"]   
  *[] 
 []


Overfull \hbox (5.10352pt too wide) in paragraph at lines 1043--1043
[]  \T1/cmtt/m/n/12 *                                                          
  *[] 
 []


Overfull \hbox (5.10352pt too wide) in paragraph at lines 1043--1043
[]  \T1/cmtt/m/n/12 *    Slave:                                                
  *[] 
 []


Overfull \hbox (5.10352pt too wide) in paragraph at lines 1043--1043
[]  \T1/cmtt/m/n/12 *     -i : Slave Node id format [0x01 , 0x7F]              
  *[] 
 []


Overfull \hbox (5.10352pt too wide) in paragraph at lines 1043--1043
[]  \T1/cmtt/m/n/12 *                                                          
  *[] 
 []


Overfull \hbox (5.10352pt too wide) in paragraph at lines 1043--1043
[]  \T1/cmtt/m/n/12 *    Master:                                               
  *[] 
 []


Overfull \hbox (5.10352pt too wide) in paragraph at lines 1043--1043
[]  \T1/cmtt/m/n/12 *     -m : bus name ["1"]                                  
  *[] 
 []


Overfull \hbox (5.10352pt too wide) in paragraph at lines 1043--1043
[]  \T1/cmtt/m/n/12 *     -M : 1M,500K,250K,125K,100K,50K,20K,10K              
  *[] 
 []


Overfull \hbox (5.10352pt too wide) in paragraph at lines 1043--1043
[]  \T1/cmtt/m/n/12 *                                                          
  *[] 
 []


Overfull \hbox (5.10352pt too wide) in paragraph at lines 1043--1043
[]  \T1/cmtt/m/n/12 ***********************************************************
***[] 
 []

[24]
Overfull \hbox (60.66495pt too wide) in paragraph at lines 1083--1083
[]\T1/cmtt/m/n/12 UNS8 configNetworkNode (CO_Data* d, UNS8 command, void *dat1,
 void* dat2,[] 
 []

[25]
Overfull \hbox (73.01193pt too wide) in paragraph at lines 1101--1101
[]\T1/cmtt/m/n/12 res=configNetworkNode(&d,LSS_IDENT_FASTSCAN,&lss_fs,0,CheckLS
SAndContinue);[] 
 []

[26]
<Pictures/10000201000001FC000001E5D65E8766.png, id=269, 509.905pt x 486.81876pt
>
File: Pictures/10000201000001FC000001E5D65E8766.png Graphic file (type png)
<use Pictures/10000201000001FC000001E5D65E8766.png>
Package pdftex.def Info: Pictures/10000201000001FC000001E5D65E8766.png  used on
 input line 1171.
(pdftex.def)             Requested size: 199.16928pt x 190.15567pt.
<Pictures/10000201000003E7000001C7B0296577.png, id=270, 1002.74625pt x 456.7062
5pt>
File: Pictures/10000201000003E7000001C7B0296577.png Graphic file (type png)
<use Pictures/10000201000003E7000001C7B0296577.png>
Package pdftex.def Info: Pictures/10000201000003E7000001C7B0296577.png  used on
 input line 1182.
(pdftex.def)             Requested size: 341.43306pt x 155.50803pt.
 [27 <./Pictures/10000201000001FC000001E5D65E8766.png>]
<Pictures/10000000000000B6000000DF1EDD1E73.png, id=278, 182.6825pt x 223.83624p
t>
File: Pictures/10000000000000B6000000DF1EDD1E73.png Graphic file (type png)
<use Pictures/10000000000000B6000000DF1EDD1E73.png>
Package pdftex.def Info: Pictures/10000000000000B6000000DF1EDD1E73.png  used on
 input line 1186.
(pdftex.def)             Requested size: 85.35826pt x 104.58826pt.
<Pictures/10000000000000AC000000C9C3F53FA6.png, id=279, 172.645pt x 201.75375pt
>
File: Pictures/10000000000000AC000000C9C3F53FA6.png Graphic file (type png)
<use Pictures/10000000000000AC000000C9C3F53FA6.png>
Package pdftex.def Info: Pictures/10000000000000AC000000C9C3F53FA6.png  used on
 input line 1190.
(pdftex.def)             Requested size: 85.35826pt x 99.74988pt.
<Pictures/100000000000006D000000A31EC8CB54.png, id=280, 109.40875pt x 163.61125
pt>
File: Pictures/100000000000006D000000A31EC8CB54.png Graphic file (type png)
<use Pictures/100000000000006D000000A31EC8CB54.png>
Package pdftex.def Info: Pictures/100000000000006D000000A31EC8CB54.png  used on
 input line 1194.
(pdftex.def)             Requested size: 85.35826pt x 127.64621pt.
<Pictures/10000000000000AA0000006014F74635.png, id=281, 170.6375pt x 96.36pt>
File: Pictures/10000000000000AA0000006014F74635.png Graphic file (type png)
<use Pictures/10000000000000AA0000006014F74635.png>
Package pdftex.def Info: Pictures/10000000000000AA0000006014F74635.png  used on
 input line 1198.
(pdftex.def)             Requested size: 85.35826pt x 48.20338pt.
 [28 <./Pictures/10000201000003E7000001C7B0296577.png> <./Pictures/100000000000
00B6000000DF1EDD1E73.png (PNG copy)> <./Pictures/10000000000000AC000000C9C3F53F
A6.png (PNG copy)> <./Pictures/100000000000006D000000A31EC8CB54.png (PNG copy)>
]
<Pictures/new_node.png, id=288, 451.6875pt x 351.3125pt>
File: Pictures/new_node.png Graphic file (type png)
<use Pictures/new_node.png>
Package pdftex.def Info: Pictures/new_node.png  used on input line 1207.
(pdftex.def)             Requested size: 312.9803pt x 243.44048pt.
<Pictures/node_info.png, id=289, 301.125pt x 281.05pt>
File: Pictures/node_info.png Graphic file (type png)
<use Pictures/node_info.png>
Package pdftex.def Info: Pictures/node_info.png  used on input line 1216.
(pdftex.def)             Requested size: 199.16928pt x 185.89668pt.

Underfull \vbox (badness 10000) has occurred while \output is active []

 [29 <./Pictures/10000000000000AA0000006014F74635.png (PNG copy)> <./Pictures/n
ew_node.png>]
<Pictures/10000000000000AB000000C88F594413.png, id=297, 171.64125pt x 200.75pt>

File: Pictures/10000000000000AB000000C88F594413.png Graphic file (type png)
<use Pictures/10000000000000AB000000C88F594413.png>
Package pdftex.def Info: Pictures/10000000000000AB000000C88F594413.png  used on
 input line 1225.
(pdftex.def)             Requested size: 113.81102pt x 133.1111pt.
<Pictures/10000201000002DE000001D82D89C224.png, id=298, 736.7525pt x 473.77pt>
File: Pictures/10000201000002DE000001D82D89C224.png Graphic file (type png)
<use Pictures/10000201000002DE000001D82D89C224.png>
Package pdftex.def Info: Pictures/10000201000002DE000001D82D89C224.png  used on
 input line 1231.
(pdftex.def)             Requested size: 312.9803pt x 201.25922pt.

Underfull \vbox (badness 10000) has occurred while \output is active []

 [30 <./Pictures/node_info.png> <./Pictures/10000000000000AB000000C88F594413.pn
g (PNG copy)>]
<Pictures/10000201000001C40000010766961D7F.png, id=305, 453.695pt x 263.98625pt
>
File: Pictures/10000201000001C40000010766961D7F.png Graphic file (type png)
<use Pictures/10000201000001C40000010766961D7F.png>
Package pdftex.def Info: Pictures/10000201000001C40000010766961D7F.png  used on
 input line 1240.
(pdftex.def)             Requested size: 312.9803pt x 182.11041pt.
<Pictures/10000201000001C4000000DD129D4661.png, id=306, 453.695pt x 221.82875pt
>
File: Pictures/10000201000001C4000000DD129D4661.png Graphic file (type png)
<use Pictures/10000201000001C4000000DD129D4661.png>
Package pdftex.def Info: Pictures/10000201000001C4000000DD129D4661.png  used on
 input line 1249.
(pdftex.def)             Requested size: 312.9803pt x 153.02814pt.

Underfull \vbox (badness 4254) has occurred while \output is active []

 [31 <./Pictures/10000201000002DE000001D82D89C224.png> <./Pictures/100002010000
01C40000010766961D7F.png>]
<Pictures/10000201000002F30000020B23ED7F67.png, id=316, 757.83125pt x 524.96124
pt>
File: Pictures/10000201000002F30000020B23ED7F67.png Graphic file (type png)
<use Pictures/10000201000002F30000020B23ED7F67.png>
Package pdftex.def Info: Pictures/10000201000002F30000020B23ED7F67.png  used on
 input line 1258.
(pdftex.def)             Requested size: 341.43306pt x 236.51874pt.
<Pictures/10000201000003440000025ACC3FD2F1.png, id=317, 839.135pt x 604.2575pt>

File: Pictures/10000201000003440000025ACC3FD2F1.png Graphic file (type png)
<use Pictures/10000201000003440000025ACC3FD2F1.png>
Package pdftex.def Info: Pictures/10000201000003440000025ACC3FD2F1.png  used on
 input line 1267.
(pdftex.def)             Requested size: 341.43306pt x 245.86626pt.

Underfull \vbox (badness 3098) has occurred while \output is active []

 [32 <./Pictures/10000201000001C4000000DD129D4661.png> <./Pictures/100002010000
02F30000020B23ED7F67.png>]
<Pictures/10000201000000B7000000C66AF89CD5.png, id=325, 183.68625pt x 198.7425p
t>
File: Pictures/10000201000000B7000000C66AF89CD5.png Graphic file (type png)
<use Pictures/10000201000000B7000000C66AF89CD5.png>
Package pdftex.def Info: Pictures/10000201000000B7000000C66AF89CD5.png  used on
 input line 1282.
(pdftex.def)             Requested size: 113.81102pt x 123.14325pt.
 [33 <./Pictures/10000201000003440000025ACC3FD2F1.png> <./Pictures/100002010000
00B7000000C66AF89CD5.png>] [34]
Overfull \hbox (22.62982pt too wide) in paragraph at lines 1363--1366
[]\T1/cmr/m/n/12 Code was com-piled MS Vi-su-al-Stu-dio 2003.NET and Vi-su-al-S
tu-dio 2005.NET
 []


Overfull \hbox (10.40472pt too wide) in paragraph at lines 1374--1377
\T1/cmr/m/n/12 DE-BUG_ERR_CONSOLE_ON, you can nav-i-gate in Can-Fes-ti-val sour
ce
 []


Overfull \hbox (27.09218pt too wide) in paragraph at lines 1378--1382
\T1/cmr/m/n/12 op-er-a-tors to sizeof_TYPE def-i-ni-tions in gen-er-ated code, 
i.e. re-place sizeof(UNS40)
 []

[35] [36]
Overfull \hbox (35.97098pt too wide) in paragraph at lines 1501--1501
[]    \T1/cmtt/m/n/12 0,    /* clock source : oscillator (In fact, it is not us
ed)   */[] 
 []

[37]
Overfull \hbox (35.97098pt too wide) in paragraph at lines 1543--1543
[]    \T1/cmtt/m/n/12 0,    /* clock source : oscillator (In fact, it is not us
ed)   */[] 
 []


Underfull \vbox (badness 6792) has occurred while \output is active []

 [38]
Overfull \hbox (51.55307pt too wide) in paragraph at lines 1588--1589
[][]\T1/cmr/m/n/12 http://www.freescale.com/webapp/sps/site/prod_summary.jsp?co
de=MC9S12DP256[][] 
 []

[39]
<Pictures/1000020100000258000000832C6FFAB4.png, id=406, 602.25pt x 131.49126pt>

File: Pictures/1000020100000258000000832C6FFAB4.png Graphic file (type png)
<use Pictures/1000020100000258000000832C6FFAB4.png>
Package pdftex.def Info: Pictures/1000020100000258000000832C6FFAB4.png  used on
 input line 1609.
(pdftex.def)             Requested size: 284.52756pt x 62.12392pt.

Overfull \hbox (0.91833pt too wide) in paragraph at lines 1652--1653
\T1/cmr/m/n/12 Send your feed-back and bug re-ports to [][]canfestival-devel@li
sts.sourceforge.net[][]. 
 []

[40

 <./Pictures/1000020100000258000000832C6FFAB4.png>]
Overfull \hbox (54.49146pt too wide) in paragraph at lines 1693--1693
[]\T1/cmtt/m/n/12 #This file is part of CanFestival, a library implementing Can
Open Stack.[] 
 []


Overfull \hbox (29.79749pt too wide) in paragraph at lines 1693--1693
[]\T1/cmtt/m/n/12 #Copyright (C): Edouard TISSERANT, Francis DUPIN and Laurent 
BESSARD[] 
 []


Overfull \hbox (23.624pt too wide) in paragraph at lines 1693--1693
[]\T1/cmtt/m/n/12 #version 2.1 of the License, or (at your option) any later ve
rsion.[] 
 []


Overfull \hbox (5.10352pt too wide) in paragraph at lines 1693--1693
[]\T1/cmtt/m/n/12 #This library is distributed in the hope that it will be usef
ul,[] 
 []


Overfull \hbox (17.4505pt too wide) in paragraph at lines 1693--1693
[]\T1/cmtt/m/n/12 #MERCHANTABILITY or FITNESS FOR A PARTICULAR PURPOSE.  See th
e GNU[] 
 []


Overfull \hbox (11.27701pt too wide) in paragraph at lines 1693--1693
[]\T1/cmtt/m/n/12 #You should have received a copy of the GNU Lesser General Pu
blic[] 
 []


Overfull \hbox (29.79749pt too wide) in paragraph at lines 1693--1693
[]\T1/cmtt/m/n/12 #License along with this library; if not, write to the Free S
oftware[] 
 []


Overfull \hbox (66.83844pt too wide) in paragraph at lines 1693--1693
[]\T1/cmtt/m/n/12 #Foundation, Inc., 59 Temple Place, Suite 330, Boston, MA  02
111-1307  USA[] 
 []

Package atveryend Info: Empty hook `BeforeClearDocument' on input line 1696.
[41]
Package atveryend Info: Empty hook `AfterLastShipout' on input line 1696.
 (./manual.aux)
Package atveryend Info: Executing hook `AtVeryEndDocument' on input line 1696.
Package atveryend Info: Executing hook `AtEndAfterFileList' on input line 1696.



Package rerunfilecheck Warning: File `manual.out' has changed.
(rerunfilecheck)                Rerun to get outlines right
(rerunfilecheck)                or use package `bookmark'.

Package rerunfilecheck Info: Checksums for `manual.out':
(rerunfilecheck)             Before: <no file>
(rerunfilecheck)             After:  AAE67F09FB5580D34DE8F20FEED8FF06;3709.
Package atveryend Info: Empty hook `AtVeryVeryEnd' on input line 1696.
 ) 
Here is how much of TeX's memory you used:
 6119 strings out of 483183
 96872 string characters out of 5966292
 349433 words of memory out of 5000000
 20788 multiletter control sequences out of 15000+600000
 542506 words of font info for 39 fonts, out of 8000000 for 9000
 14 hyphenation exceptions out of 8191
 34i,6n,29p,933b,456s stack positions out of 5000i,500n,10000p,200000b,80000s
pdfTeX warning (dest): name{Cygwin\040configuration\040and\040compilation} ha
s been referenced but does not exist, replaced by a fixed one

pdfTeX warning (dest): name{a821UsingDictionaryEditorGUIoutline} has been refer
enced but does not exist, replaced by a fixed one

 </home/brad/.texlive2019/texmf-var/fonts/pk/ljfour/jknappen/ec/ecti1200.600pk>
 </home/brad/.texlive2019/texmf-var/fonts/pk/ljfour/jknappen/ec/tcrm1200.600pk>
 </home/brad/.texlive2019/texmf-var/fonts/pk/ljfour/jknappen/ec/ectt1200.600pk>
 </home/brad/.texlive2019/texmf-var/fonts/pk/ljfour/jknappen/ec/ecbx1200.600pk>
 </home/brad/.texlive2019/texmf-var/fonts/pk/ljfour/jknappen/ec/ecbx1440.600pk>
 </home/brad/.texlive2019/texmf-var/fonts/pk/ljfour/jknappen/ec/ecbx1728.600pk>
 </home/brad/.texlive2019/texmf-var/fonts/pk/ljfour/jknappen/ec/ecsl1200.600pk>
 </home/brad/.texlive2019/texmf-var/fonts/pk/ljfour/jknappen/ec/ecbx2488.600pk>
 </home/brad/.texlive2019/texmf-var/fonts/pk/ljfour/jknappen/ec/ecss2488.600pk>
 </home/brad/.texlive2019/texmf-var/fonts/pk/ljfour/jknappen/ec/ecrm1200.600pk>
Output written on manual.pdf (41 pages, 1097691 bytes).
PDF statistics:
 965 PDF objects out of 1000 (max. 8388607)
 426 compressed objects within 5 object streams
 225 named destinations out of 1000 (max. 500000)
 106 words of extra memory for PDF output out of 10000 (max. 10000000)

